<?xml version="1.0" encoding="UTF-8"?>
<!-- Generated by org.testng.reporters.JUnitReportReporter -->
<testsuite skipped="2" hostname="TrackTiks-MacBook-Pro.local" name="TTMobile.RealDevice" tests="4" failures="0" timestamp="2020-03-03T13:27:04 EST" time="208.109" errors="0">
  <testcase name="login" time="14.708" classname="TTMobile.RealDevice"/>
  <system-out/>
  <testcase name="createReport" time="193.401" classname="TTMobile.RealDevice"/>
  <system-out/>
  <testcase name="logout" classname="TTMobile.RealDevice">
    <skipped/>
  </testcase> <!-- logout -->
  <system-out/>
  <testcase name="browseReport" classname="TTMobile.RealDevice">
    <skipped/>
  </testcase> <!-- browseReport -->
  <system-out/>
</testsuite> <!-- TTMobile.RealDevice -->
